
> @degentalk/monorepo@1.0.0 typecheck /Users/gnarcotic/Degentalk
> pnpm -r typecheck

Scope: 5 of 6 workspace projects
client typecheck$ tsc --noEmit
client typecheck: src/components/admin/clout/AchievementsSection.tsx(67,15): error TS2305: Module '"@shared/types"' has no exported member 'AchievementId'.
client typecheck: src/components/admin/common/AdminDataTable.tsx(1,15): error TS2305: Module '"@shared/types"' has no exported member 'UserId'.
client typecheck: src/components/admin/forms/reports/ViewReportDialog.tsx(27,15): error TS2305: Module '"@shared/types"' has no exported member 'ReporterId'.
client typecheck: src/components/admin/forms/reports/ViewReportDialog.tsx(27,27): error TS2305: Module '"@shared/types"' has no exported member 'ContentId'.
client typecheck: src/components/admin/forms/reports/ViewReportDialog.tsx(27,38): error TS2305: Module '"@shared/types"' has no exported member 'EntityId'.
client typecheck: src/components/admin/forms/reports/ViewReportDialog.tsx(27,48): error TS2305: Module '"@shared/types"' has no exported member 'UserId'.
client typecheck: src/components/admin/forms/users/UserActionDialogs.tsx(29,15): error TS2305: Module '"@shared/types"' has no exported member 'UserId'.
client typecheck: src/components/admin/forms/xp/BadgeFormDialogs.tsx(26,15): error TS2305: Module '"@shared/types"' has no exported member 'BadgeId'.
client typecheck: src/components/admin/forms/xp/BadgeFormDialogs.tsx(26,24): error TS2305: Module '"@shared/types"' has no exported member 'EntityId'.
client typecheck: src/components/admin/forms/xp/LevelFormDialogs.tsx(24,15): error TS2305: Module '"@shared/types"' has no exported member 'LevelId'.
client typecheck: src/components/admin/forms/xp/TitleMediaInput.tsx(6,15): error TS2305: Module '"@shared/types"' has no exported member 'EntityId'.
client typecheck: src/components/admin/GrantFrameModal.tsx(17,15): error TS2305: Module '"@shared/types"' has no exported member 'FrameId'.
client typecheck: src/components/admin/GrantFrameModal.tsx(17,24): error TS2305: Module '"@shared/types"' has no exported member 'UserId'.
client typecheck: src/components/admin/layout/AdminPageShell.tsx(56,6): error TS2375: Type '{ children: (Element | Element[])[]; value: string; onValueChange: ((value: string) => void) | undefined; className: string; }' is not assignable to type 'TabsProps' with 'exactOptionalPropertyTypes: true'. Consider adding 'undefined' to the types of the target's properties.
client typecheck:   Types of property 'onValueChange' are incompatible.
client typecheck:     Type '((value: string) => void) | undefined' is not assignable to type '(value: string) => void'.
client typecheck:       Type 'undefined' is not assignable to type '(value: string) => void'.
client typecheck: src/components/admin/layout/EntityTable.tsx(1,15): error TS2305: Module '"@shared/types"' has no exported member 'UserId'.
client typecheck: src/components/admin/ModularAdminLayout.tsx(51,4): error TS2375: Type '{ children: Element; className: string | undefined; }' is not assignable to type 'AdminThemeProviderProps' with 'exactOptionalPropertyTypes: true'. Consider adding 'undefined' to the types of the target's properties.
client typecheck:   Types of property 'className' are incompatible.
client typecheck:     Type 'string | undefined' is not assignable to type 'string'.
client typecheck:       Type 'undefined' is not assignable to type 'string'.
client typecheck: src/components/admin/roles/RolesSection.tsx(394,7): error TS2375: Type '{ role: undefined; permissions: Record<string, Permission[]>; titles: Title[]; onSuccess: () => void; onCancel: () => void; }' is not assignable to type 'IntrinsicAttributes & RoleFormProps' with 'exactOptionalPropertyTypes: true'. Consider adding 'undefined' to the types of the target's properties.
client typecheck:   Property 'permissions' does not exist on type 'IntrinsicAttributes & RoleFormProps'.
client typecheck: src/components/admin/roles/RolesSection.tsx(416,7): error TS2375: Type '{ role: Role | undefined; permissions: Record<string, Permission[]>; titles: Title[]; onSuccess: () => void; onCancel: () => void; }' is not assignable to type 'IntrinsicAttributes & RoleFormProps' with 'exactOptionalPropertyTypes: true'. Consider adding 'undefined' to the types of the target's properties.
client typecheck:   Property 'permissions' does not exist on type 'IntrinsicAttributes & RoleFormProps'.
client typecheck: src/components/admin/wallet/mock-webhook-trigger.tsx(2,15): error TS2305: Module '"@/types/ids"' has no exported member 'UserId'.
